
------------------------------------------------------------------------------
FEHLERPROTOKOLL von "C:\Xpp\MGVerwaltung\MgGossau\MGGOSSAU.exe" Datum: 13.02.2009 21:49:14

Xbase++ Version     : Xbase++ (R) Version 1.90.350
Betriebssystem      : Windows XP 05.01 Build 02600 Service Pack 3
------------------------------------------------------------------------------
oError:args         :
          -> VALTYPE: D VALUE: 20090213
          -> VALTYPE: C VALUE: .Doc
oError:canDefault   : N
oError:canRetry     : N
oError:canSubstitute: J
oError:cargo        : NIL
oError:description  : Parameter hat falschen Typ
oError:filename     : 
oError:genCode      :          2
oError:operation    : <20090213> + <.Doc>
oError:osCode       :          0
oError:severity     :          2
oError:subCode      :          3
oError:subSystem    : BASE
oError:thread       :          1
oError:tries        :          0
------------------------------------------------------------------------------
CALLSTACK:
------------------------------------------------------------------------------
Aufgerufen von GENFILENAME(402)
Aufgerufen von EMAIL:STARTWORD(376)
Aufgerufen von EMAIL:MAKEEMAIL(258)
Aufgerufen von (B)EMAIL:MERGEPAGE(189)
Aufgerufen von XBPPUSHBUTTON:HANDLEEVENT(948)
Aufgerufen von MAIN(211)

------------------------------------------------------------------------------
Memory Status:
------------------------------------------------------------------------------
Virtuelles Memory verfügbar  :     414720
Virtuelles Memory total      :     855040
Physisches Memory verfügbar  :     187392
Physisches Memory total      :     524288